2025-04-03 13:36:24,992 DEBUG    root            Loaded Command Group: ['gcloud', 'components']
2025-04-03 13:36:24,996 DEBUG    root            Loaded Command Group: ['gcloud', 'components', 'update']
2025-04-03 13:36:24,998 DEBUG    root            Running [gcloud.components.update] with arguments: [--compile-python: "True", --quiet: "True", COMPONENT-IDS:6: "['core', 'gcloud-deps', 'bq', 'gcloud', 'gcloud-crc32c', 'gsutil']"]
2025-04-03 13:36:24,999 INFO     ___FILE_ONLY___ Beginning update. This process may take several minutes.

2025-04-03 13:36:25,048 DEBUG    urllib3.connectionpool Starting new HTTPS connection (1): dl.google.com:443
2025-04-03 13:36:26,162 DEBUG    urllib3.connectionpool https://dl.google.com:443 "GET /dl/cloudsdk/channels/rapid/components-2.json HTTP/11" 200 226135
2025-04-03 13:36:26,174 INFO     ___FILE_ONLY___ 

2025-04-03 13:36:26,174 INFO     ___FILE_ONLY___ 
Your current Google Cloud CLI version is: 517.0.0

2025-04-03 13:36:26,174 INFO     ___FILE_ONLY___ Installing components from version: 517.0.0

2025-04-03 13:36:26,174 INFO     ___FILE_ONLY___ 

2025-04-03 13:36:26,175 DEBUG    root            Chosen display Format:table[box,title="These components will be removed."](details.display_name:label=Name:align=left,version.version_string:label=Version:align=right,data.size.size(zero="",min=1048576):label=Size:align=right)
2025-04-03 13:36:26,175 DEBUG    root            Chosen display Format:table[box,title="These components will be updated."](details.display_name:label=Name:align=left,version.version_string:label=Version:align=right,data.size.size(zero="",min=1048576):label=Size:align=right)
2025-04-03 13:36:26,176 DEBUG    root            Chosen display Format:table[box,title="These components will be installed."](details.display_name:label=Name:align=left,version.version_string:label=Version:align=right,data.size.size(zero="",min=1048576):label=Size:align=right)
2025-04-03 13:36:26,214 INFO     ___FILE_ONLY___ ┌─────────────────────────────────────────────────────────────────────────────┐
2025-04-03 13:36:26,215 INFO     ___FILE_ONLY___ 

2025-04-03 13:36:26,215 INFO     ___FILE_ONLY___ │                     These components will be installed.                     │
2025-04-03 13:36:26,215 INFO     ___FILE_ONLY___ 

2025-04-03 13:36:26,215 INFO     ___FILE_ONLY___ ├─────────────────────────────────────────────────────┬────────────┬──────────┤
2025-04-03 13:36:26,215 INFO     ___FILE_ONLY___ 

2025-04-03 13:36:26,215 INFO     ___FILE_ONLY___ │                         Name                        │  Version   │   Size   │
2025-04-03 13:36:26,215 INFO     ___FILE_ONLY___ 

2025-04-03 13:36:26,215 INFO     ___FILE_ONLY___ ├─────────────────────────────────────────────────────┼────────────┼──────────┤
2025-04-03 13:36:26,215 INFO     ___FILE_ONLY___ 

2025-04-03 13:36:26,215 INFO     ___FILE_ONLY___ │ 
2025-04-03 13:36:26,215 INFO     ___FILE_ONLY___ BigQuery Command Line Tool                         
2025-04-03 13:36:26,215 INFO     ___FILE_ONLY___  
2025-04-03 13:36:26,216 INFO     ___FILE_ONLY___ │ 
2025-04-03 13:36:26,216 INFO     ___FILE_ONLY___     2.1.14
2025-04-03 13:36:26,216 INFO     ___FILE_ONLY___  
2025-04-03 13:36:26,216 INFO     ___FILE_ONLY___ │ 
2025-04-03 13:36:26,216 INFO     ___FILE_ONLY___  1.8 MiB
2025-04-03 13:36:26,216 INFO     ___FILE_ONLY___  
2025-04-03 13:36:26,216 INFO     ___FILE_ONLY___ │
2025-04-03 13:36:26,216 INFO     ___FILE_ONLY___ 

2025-04-03 13:36:26,216 INFO     ___FILE_ONLY___ │ 
2025-04-03 13:36:26,216 INFO     ___FILE_ONLY___ BigQuery Command Line Tool (Platform Specific)     
2025-04-03 13:36:26,216 INFO     ___FILE_ONLY___  
2025-04-03 13:36:26,216 INFO     ___FILE_ONLY___ │ 
2025-04-03 13:36:26,216 INFO     ___FILE_ONLY___      2.1.8
2025-04-03 13:36:26,217 INFO     ___FILE_ONLY___  
2025-04-03 13:36:26,217 INFO     ___FILE_ONLY___ │ 
2025-04-03 13:36:26,217 INFO     ___FILE_ONLY___  < 1 MiB
2025-04-03 13:36:26,217 INFO     ___FILE_ONLY___  
2025-04-03 13:36:26,217 INFO     ___FILE_ONLY___ │
2025-04-03 13:36:26,217 INFO     ___FILE_ONLY___ 

2025-04-03 13:36:26,217 INFO     ___FILE_ONLY___ │ 
2025-04-03 13:36:26,217 INFO     ___FILE_ONLY___ Bundled Python 3.12 (Platform Specific)            
2025-04-03 13:36:26,217 INFO     ___FILE_ONLY___  
2025-04-03 13:36:26,217 INFO     ___FILE_ONLY___ │ 
2025-04-03 13:36:26,217 INFO     ___FILE_ONLY___     3.12.8
2025-04-03 13:36:26,217 INFO     ___FILE_ONLY___  
2025-04-03 13:36:26,217 INFO     ___FILE_ONLY___ │ 
2025-04-03 13:36:26,218 INFO     ___FILE_ONLY___ 89.2 MiB
2025-04-03 13:36:26,218 INFO     ___FILE_ONLY___  
2025-04-03 13:36:26,218 INFO     ___FILE_ONLY___ │
2025-04-03 13:36:26,218 INFO     ___FILE_ONLY___ 

2025-04-03 13:36:26,218 INFO     ___FILE_ONLY___ │ 
2025-04-03 13:36:26,218 INFO     ___FILE_ONLY___ Cloud Storage Command Line Tool                    
2025-04-03 13:36:26,218 INFO     ___FILE_ONLY___  
2025-04-03 13:36:26,218 INFO     ___FILE_ONLY___ │ 
2025-04-03 13:36:26,218 INFO     ___FILE_ONLY___       5.33
2025-04-03 13:36:26,218 INFO     ___FILE_ONLY___  
2025-04-03 13:36:26,218 INFO     ___FILE_ONLY___ │ 
2025-04-03 13:36:26,218 INFO     ___FILE_ONLY___ 11.8 MiB
2025-04-03 13:36:26,219 INFO     ___FILE_ONLY___  
2025-04-03 13:36:26,219 INFO     ___FILE_ONLY___ │
2025-04-03 13:36:26,219 INFO     ___FILE_ONLY___ 

2025-04-03 13:36:26,219 INFO     ___FILE_ONLY___ │ 
2025-04-03 13:36:26,219 INFO     ___FILE_ONLY___ Cloud Storage Command Line Tool (Platform Specific)
2025-04-03 13:36:26,219 INFO     ___FILE_ONLY___  
2025-04-03 13:36:26,219 INFO     ___FILE_ONLY___ │ 
2025-04-03 13:36:26,219 INFO     ___FILE_ONLY___       5.30
2025-04-03 13:36:26,219 INFO     ___FILE_ONLY___  
2025-04-03 13:36:26,219 INFO     ___FILE_ONLY___ │ 
2025-04-03 13:36:26,219 INFO     ___FILE_ONLY___  < 1 MiB
2025-04-03 13:36:26,219 INFO     ___FILE_ONLY___  
2025-04-03 13:36:26,219 INFO     ___FILE_ONLY___ │
2025-04-03 13:36:26,219 INFO     ___FILE_ONLY___ 

2025-04-03 13:36:26,220 INFO     ___FILE_ONLY___ │ 
2025-04-03 13:36:26,220 INFO     ___FILE_ONLY___ Google Cloud CLI Core Libraries (Platform Specific)
2025-04-03 13:36:26,220 INFO     ___FILE_ONLY___  
2025-04-03 13:36:26,220 INFO     ___FILE_ONLY___ │ 
2025-04-03 13:36:26,220 INFO     ___FILE_ONLY___ 2024.08.30
2025-04-03 13:36:26,220 INFO     ___FILE_ONLY___  
2025-04-03 13:36:26,220 INFO     ___FILE_ONLY___ │ 
2025-04-03 13:36:26,220 INFO     ___FILE_ONLY___  < 1 MiB
2025-04-03 13:36:26,220 INFO     ___FILE_ONLY___  
2025-04-03 13:36:26,220 INFO     ___FILE_ONLY___ │
2025-04-03 13:36:26,220 INFO     ___FILE_ONLY___ 

2025-04-03 13:36:26,220 INFO     ___FILE_ONLY___ │ 
2025-04-03 13:36:26,220 INFO     ___FILE_ONLY___ Google Cloud CRC32C Hash Tool (Platform Specific)  
2025-04-03 13:36:26,221 INFO     ___FILE_ONLY___  
2025-04-03 13:36:26,221 INFO     ___FILE_ONLY___ │ 
2025-04-03 13:36:26,221 INFO     ___FILE_ONLY___      1.0.0
2025-04-03 13:36:26,221 INFO     ___FILE_ONLY___  
2025-04-03 13:36:26,221 INFO     ___FILE_ONLY___ │ 
2025-04-03 13:36:26,221 INFO     ___FILE_ONLY___  1.4 MiB
2025-04-03 13:36:26,221 INFO     ___FILE_ONLY___  
2025-04-03 13:36:26,221 INFO     ___FILE_ONLY___ │
2025-04-03 13:36:26,221 INFO     ___FILE_ONLY___ 

2025-04-03 13:36:26,221 INFO     ___FILE_ONLY___ │ 
2025-04-03 13:36:26,221 INFO     ___FILE_ONLY___ gcloud cli dependencies (Platform Specific)        
2025-04-03 13:36:26,221 INFO     ___FILE_ONLY___  
2025-04-03 13:36:26,221 INFO     ___FILE_ONLY___ │ 
2025-04-03 13:36:26,222 INFO     ___FILE_ONLY___ 2021.04.16
2025-04-03 13:36:26,222 INFO     ___FILE_ONLY___  
2025-04-03 13:36:26,222 INFO     ___FILE_ONLY___ │ 
2025-04-03 13:36:26,222 INFO     ___FILE_ONLY___  < 1 MiB
2025-04-03 13:36:26,222 INFO     ___FILE_ONLY___  
2025-04-03 13:36:26,222 INFO     ___FILE_ONLY___ │
2025-04-03 13:36:26,222 INFO     ___FILE_ONLY___ 

2025-04-03 13:36:26,222 INFO     ___FILE_ONLY___ └─────────────────────────────────────────────────────┴────────────┴──────────┘
2025-04-03 13:36:26,222 INFO     ___FILE_ONLY___ 

2025-04-03 13:36:26,222 INFO     ___FILE_ONLY___ 

2025-04-03 13:36:26,226 DEBUG    urllib3.connectionpool Starting new HTTPS connection (1): dl.google.com:443
2025-04-03 13:36:26,347 DEBUG    urllib3.connectionpool https://dl.google.com:443 "GET /dl/cloudsdk/channels/rapid/RELEASE_NOTES HTTP/11" 200 1390928
2025-04-03 13:36:26,816 INFO     ___FILE_ONLY___ For the latest full release notes, please visit:
  https://cloud.google.com/sdk/release_notes


2025-04-03 13:36:26,816 INFO     ___FILE_ONLY___ Performing in place update...


2025-04-03 13:36:26,819 INFO     ___FILE_ONLY___ ╔════════════════════════════════════════════════════════════╗

2025-04-03 13:36:26,819 INFO     ___FILE_ONLY___ ╠═ Downloading: BigQuery Command Line Tool                  ═╣

2025-04-03 13:36:26,819 INFO     ___FILE_ONLY___ ╚
2025-04-03 13:36:26,822 DEBUG    urllib3.connectionpool Starting new HTTPS connection (1): dl.google.com:443
2025-04-03 13:36:26,917 DEBUG    urllib3.connectionpool https://dl.google.com:443 "GET /dl/cloudsdk/channels/rapid/components/google-cloud-sdk-bq-20250228155416.tar.gz HTTP/11" 200 1845321
2025-04-03 13:36:26,929 INFO     ___FILE_ONLY___ ═
2025-04-03 13:36:26,930 INFO     ___FILE_ONLY___ ═
2025-04-03 13:36:26,930 INFO     ___FILE_ONLY___ ═
2025-04-03 13:36:26,930 INFO     ___FILE_ONLY___ ═
2025-04-03 13:36:26,930 INFO     ___FILE_ONLY___ ═
2025-04-03 13:36:26,930 INFO     ___FILE_ONLY___ ═
2025-04-03 13:36:26,930 INFO     ___FILE_ONLY___ ═
2025-04-03 13:36:26,930 INFO     ___FILE_ONLY___ ═
2025-04-03 13:36:26,930 INFO     ___FILE_ONLY___ ═
2025-04-03 13:36:26,931 INFO     ___FILE_ONLY___ ═
2025-04-03 13:36:26,931 INFO     ___FILE_ONLY___ ═
2025-04-03 13:36:26,931 INFO     ___FILE_ONLY___ ═
2025-04-03 13:36:26,931 INFO     ___FILE_ONLY___ ═
2025-04-03 13:36:26,931 INFO     ___FILE_ONLY___ ═
2025-04-03 13:36:26,931 INFO     ___FILE_ONLY___ ═
2025-04-03 13:36:26,931 INFO     ___FILE_ONLY___ ═
2025-04-03 13:36:26,931 INFO     ___FILE_ONLY___ ═
2025-04-03 13:36:26,931 INFO     ___FILE_ONLY___ ═
2025-04-03 13:36:26,931 INFO     ___FILE_ONLY___ ═
2025-04-03 13:36:26,931 INFO     ___FILE_ONLY___ ═
2025-04-03 13:36:26,932 INFO     ___FILE_ONLY___ ═
2025-04-03 13:36:26,932 INFO     ___FILE_ONLY___ ═
2025-04-03 13:36:26,932 INFO     ___FILE_ONLY___ ═
2025-04-03 13:36:26,932 INFO     ___FILE_ONLY___ ═
2025-04-03 13:36:26,932 INFO     ___FILE_ONLY___ ═
2025-04-03 13:36:26,932 INFO     ___FILE_ONLY___ ═
2025-04-03 13:36:26,932 INFO     ___FILE_ONLY___ ═
2025-04-03 13:36:26,932 INFO     ___FILE_ONLY___ ═
2025-04-03 13:36:26,932 INFO     ___FILE_ONLY___ ═
2025-04-03 13:36:26,932 INFO     ___FILE_ONLY___ ═
2025-04-03 13:36:26,932 INFO     ___FILE_ONLY___ ═
2025-04-03 13:36:26,933 INFO     ___FILE_ONLY___ ═
2025-04-03 13:36:26,933 INFO     ___FILE_ONLY___ ═
2025-04-03 13:36:26,933 INFO     ___FILE_ONLY___ ═
2025-04-03 13:36:26,933 INFO     ___FILE_ONLY___ ═
2025-04-03 13:36:26,933 INFO     ___FILE_ONLY___ ═
2025-04-03 13:36:26,933 INFO     ___FILE_ONLY___ ═
2025-04-03 13:36:26,933 INFO     ___FILE_ONLY___ ═
2025-04-03 13:36:26,933 INFO     ___FILE_ONLY___ ═
2025-04-03 13:36:26,933 INFO     ___FILE_ONLY___ ═
2025-04-03 13:36:26,933 INFO     ___FILE_ONLY___ ═
2025-04-03 13:36:26,933 INFO     ___FILE_ONLY___ ═
2025-04-03 13:36:26,934 INFO     ___FILE_ONLY___ ═
2025-04-03 13:36:26,934 INFO     ___FILE_ONLY___ ═
2025-04-03 13:36:26,934 INFO     ___FILE_ONLY___ ═
2025-04-03 13:36:26,934 INFO     ___FILE_ONLY___ ═
2025-04-03 13:36:26,934 INFO     ___FILE_ONLY___ ═
2025-04-03 13:36:26,934 INFO     ___FILE_ONLY___ ═
2025-04-03 13:36:26,934 INFO     ___FILE_ONLY___ ═
2025-04-03 13:36:26,934 INFO     ___FILE_ONLY___ ═
2025-04-03 13:36:26,934 INFO     ___FILE_ONLY___ ═
2025-04-03 13:36:26,934 INFO     ___FILE_ONLY___ ═
2025-04-03 13:36:26,934 INFO     ___FILE_ONLY___ ═
2025-04-03 13:36:26,935 INFO     ___FILE_ONLY___ ═
2025-04-03 13:36:26,935 INFO     ___FILE_ONLY___ ═
2025-04-03 13:36:26,935 INFO     ___FILE_ONLY___ ═
2025-04-03 13:36:26,935 INFO     ___FILE_ONLY___ ═
2025-04-03 13:36:26,935 INFO     ___FILE_ONLY___ ═
2025-04-03 13:36:26,935 INFO     ___FILE_ONLY___ ═
2025-04-03 13:36:26,935 INFO     ___FILE_ONLY___ ═
2025-04-03 13:36:26,935 INFO     ___FILE_ONLY___ ╝

2025-04-03 13:36:26,937 INFO     ___FILE_ONLY___ ╔════════════════════════════════════════════════════════════╗

2025-04-03 13:36:26,937 INFO     ___FILE_ONLY___ ╠═ Downloading: BigQuery Command Line Tool (Platform Spe... ═╣

2025-04-03 13:36:26,938 INFO     ___FILE_ONLY___ ╚
2025-04-03 13:36:26,942 DEBUG    urllib3.connectionpool Starting new HTTPS connection (1): dl.google.com:443
2025-04-03 13:36:27,036 DEBUG    urllib3.connectionpool https://dl.google.com:443 "GET /dl/cloudsdk/channels/rapid/components/google-cloud-sdk-bq-nix-20240830134514.tar.gz HTTP/11" 200 1914
2025-04-03 13:36:27,037 INFO     ___FILE_ONLY___ ════════════════════════════════════════════════════════════
2025-04-03 13:36:27,037 INFO     ___FILE_ONLY___ ╝

2025-04-03 13:36:27,039 INFO     ___FILE_ONLY___ ╔════════════════════════════════════════════════════════════╗

2025-04-03 13:36:27,039 INFO     ___FILE_ONLY___ ╠═ Downloading: Bundled Python 3.12                         ═╣

2025-04-03 13:36:27,039 INFO     ___FILE_ONLY___ ╚
2025-04-03 13:36:27,040 INFO     ___FILE_ONLY___ ════════════════════════════════════════════════════════════
2025-04-03 13:36:27,040 INFO     ___FILE_ONLY___ ╝

2025-04-03 13:36:27,041 INFO     ___FILE_ONLY___ ╔════════════════════════════════════════════════════════════╗

2025-04-03 13:36:27,041 INFO     ___FILE_ONLY___ ╠═ Downloading: Bundled Python 3.12 (Platform Specific)     ═╣

2025-04-03 13:36:27,041 INFO     ___FILE_ONLY___ ╚
2025-04-03 13:36:27,045 DEBUG    urllib3.connectionpool Starting new HTTPS connection (1): dl.google.com:443
2025-04-03 13:36:28,118 DEBUG    urllib3.connectionpool https://dl.google.com:443 "GET /dl/cloudsdk/channels/rapid/components/google-cloud-sdk-bundled-python3-unix-linux-x86_64-20250131143518.tar.gz HTTP/11" 200 93520256
2025-04-03 13:36:28,504 INFO     ___FILE_ONLY___ ═
2025-04-03 13:36:28,506 INFO     ___FILE_ONLY___ ═
2025-04-03 13:36:28,508 INFO     ___FILE_ONLY___ ═
2025-04-03 13:36:28,510 INFO     ___FILE_ONLY___ ═
2025-04-03 13:36:28,512 INFO     ___FILE_ONLY___ ═
2025-04-03 13:36:28,514 INFO     ___FILE_ONLY___ ═
2025-04-03 13:36:28,516 INFO     ___FILE_ONLY___ ═
2025-04-03 13:36:28,519 INFO     ___FILE_ONLY___ ═
2025-04-03 13:36:28,521 INFO     ___FILE_ONLY___ ═
2025-04-03 13:36:28,523 INFO     ___FILE_ONLY___ ═
2025-04-03 13:36:28,525 INFO     ___FILE_ONLY___ ═
2025-04-03 13:36:28,527 INFO     ___FILE_ONLY___ ═
2025-04-03 13:36:28,529 INFO     ___FILE_ONLY___ ═
2025-04-03 13:36:28,531 INFO     ___FILE_ONLY___ ═
2025-04-03 13:36:28,533 INFO     ___FILE_ONLY___ ═
2025-04-03 13:36:28,537 INFO     ___FILE_ONLY___ ═
2025-04-03 13:36:28,541 INFO     ___FILE_ONLY___ ═
2025-04-03 13:36:28,543 INFO     ___FILE_ONLY___ ═
2025-04-03 13:36:28,546 INFO     ___FILE_ONLY___ ═
2025-04-03 13:36:28,549 INFO     ___FILE_ONLY___ ═
2025-04-03 13:36:28,551 INFO     ___FILE_ONLY___ ═
2025-04-03 13:36:28,553 INFO     ___FILE_ONLY___ ═
2025-04-03 13:36:28,555 INFO     ___FILE_ONLY___ ═
2025-04-03 13:36:28,557 INFO     ___FILE_ONLY___ ═
2025-04-03 13:36:28,559 INFO     ___FILE_ONLY___ ═
2025-04-03 13:36:28,561 INFO     ___FILE_ONLY___ ═
2025-04-03 13:36:28,563 INFO     ___FILE_ONLY___ ═
2025-04-03 13:36:28,566 INFO     ___FILE_ONLY___ ═
2025-04-03 13:36:28,569 INFO     ___FILE_ONLY___ ═
2025-04-03 13:36:28,571 INFO     ___FILE_ONLY___ ═
2025-04-03 13:36:28,573 INFO     ___FILE_ONLY___ ═
2025-04-03 13:36:28,575 INFO     ___FILE_ONLY___ ═
2025-04-03 13:36:28,579 INFO     ___FILE_ONLY___ ═
2025-04-03 13:36:28,581 INFO     ___FILE_ONLY___ ═
2025-04-03 13:36:28,584 INFO     ___FILE_ONLY___ ═
2025-04-03 13:36:28,588 INFO     ___FILE_ONLY___ ═
2025-04-03 13:36:28,590 INFO     ___FILE_ONLY___ ═
2025-04-03 13:36:28,592 INFO     ___FILE_ONLY___ ═
2025-04-03 13:36:28,593 INFO     ___FILE_ONLY___ ═
2025-04-03 13:36:28,595 INFO     ___FILE_ONLY___ ═
2025-04-03 13:36:28,598 INFO     ___FILE_ONLY___ ═
2025-04-03 13:36:28,600 INFO     ___FILE_ONLY___ ═
2025-04-03 13:36:28,602 INFO     ___FILE_ONLY___ ═
2025-04-03 13:36:28,604 INFO     ___FILE_ONLY___ ═
2025-04-03 13:36:28,606 INFO     ___FILE_ONLY___ ═
2025-04-03 13:36:28,608 INFO     ___FILE_ONLY___ ═
2025-04-03 13:36:28,612 INFO     ___FILE_ONLY___ ═
2025-04-03 13:36:28,614 INFO     ___FILE_ONLY___ ═
2025-04-03 13:36:28,616 INFO     ___FILE_ONLY___ ═
2025-04-03 13:36:28,618 INFO     ___FILE_ONLY___ ═
2025-04-03 13:36:28,620 INFO     ___FILE_ONLY___ ═
2025-04-03 13:36:28,623 INFO     ___FILE_ONLY___ ═
2025-04-03 13:36:28,626 INFO     ___FILE_ONLY___ ═
2025-04-03 13:36:28,629 INFO     ___FILE_ONLY___ ═
2025-04-03 13:36:28,631 INFO     ___FILE_ONLY___ ═
2025-04-03 13:36:28,634 INFO     ___FILE_ONLY___ ═
2025-04-03 13:36:28,637 INFO     ___FILE_ONLY___ ═
2025-04-03 13:36:28,639 INFO     ___FILE_ONLY___ ═
2025-04-03 13:36:28,641 INFO     ___FILE_ONLY___ ═
2025-04-03 13:36:28,643 INFO     ___FILE_ONLY___ ═
2025-04-03 13:36:28,643 INFO     ___FILE_ONLY___ ╝

2025-04-03 13:36:28,645 INFO     ___FILE_ONLY___ ╔════════════════════════════════════════════════════════════╗

2025-04-03 13:36:28,646 INFO     ___FILE_ONLY___ ╠═ Downloading: Cloud Storage Command Line Tool             ═╣

2025-04-03 13:36:28,646 INFO     ___FILE_ONLY___ ╚
2025-04-03 13:36:28,651 DEBUG    urllib3.connectionpool Starting new HTTPS connection (1): dl.google.com:443
2025-04-03 13:36:28,772 DEBUG    urllib3.connectionpool https://dl.google.com:443 "GET /dl/cloudsdk/channels/rapid/components/google-cloud-sdk-gsutil-20241213184646.tar.gz HTTP/11" 200 12368759
2025-04-03 13:36:28,818 INFO     ___FILE_ONLY___ ═
2025-04-03 13:36:28,819 INFO     ___FILE_ONLY___ ═
2025-04-03 13:36:28,819 INFO     ___FILE_ONLY___ ═
2025-04-03 13:36:28,821 INFO     ___FILE_ONLY___ ═
2025-04-03 13:36:28,822 INFO     ___FILE_ONLY___ ═
2025-04-03 13:36:28,823 INFO     ___FILE_ONLY___ ═
2025-04-03 13:36:28,823 INFO     ___FILE_ONLY___ ═
2025-04-03 13:36:28,824 INFO     ___FILE_ONLY___ ═
2025-04-03 13:36:28,824 INFO     ___FILE_ONLY___ ═
2025-04-03 13:36:28,825 INFO     ___FILE_ONLY___ ═
2025-04-03 13:36:28,825 INFO     ___FILE_ONLY___ ═
2025-04-03 13:36:28,826 INFO     ___FILE_ONLY___ ═
2025-04-03 13:36:28,826 INFO     ___FILE_ONLY___ ═
2025-04-03 13:36:28,826 INFO     ___FILE_ONLY___ ═
2025-04-03 13:36:28,827 INFO     ___FILE_ONLY___ ═
2025-04-03 13:36:28,827 INFO     ___FILE_ONLY___ ═
2025-04-03 13:36:28,827 INFO     ___FILE_ONLY___ ═
2025-04-03 13:36:28,828 INFO     ___FILE_ONLY___ ═
2025-04-03 13:36:28,828 INFO     ___FILE_ONLY___ ═
2025-04-03 13:36:28,829 INFO     ___FILE_ONLY___ ═
2025-04-03 13:36:28,829 INFO     ___FILE_ONLY___ ═
2025-04-03 13:36:28,830 INFO     ___FILE_ONLY___ ═
2025-04-03 13:36:28,830 INFO     ___FILE_ONLY___ ═
2025-04-03 13:36:28,831 INFO     ___FILE_ONLY___ ═
2025-04-03 13:36:28,831 INFO     ___FILE_ONLY___ ═
2025-04-03 13:36:28,831 INFO     ___FILE_ONLY___ ═
2025-04-03 13:36:28,831 INFO     ___FILE_ONLY___ ═
2025-04-03 13:36:28,832 INFO     ___FILE_ONLY___ ═
2025-04-03 13:36:28,832 INFO     ___FILE_ONLY___ ═
2025-04-03 13:36:28,832 INFO     ___FILE_ONLY___ ═
2025-04-03 13:36:28,833 INFO     ___FILE_ONLY___ ═
2025-04-03 13:36:28,833 INFO     ___FILE_ONLY___ ═
2025-04-03 13:36:28,833 INFO     ___FILE_ONLY___ ═
2025-04-03 13:36:28,833 INFO     ___FILE_ONLY___ ═
2025-04-03 13:36:28,834 INFO     ___FILE_ONLY___ ═
2025-04-03 13:36:28,834 INFO     ___FILE_ONLY___ ═
2025-04-03 13:36:28,834 INFO     ___FILE_ONLY___ ═
2025-04-03 13:36:28,835 INFO     ___FILE_ONLY___ ═
2025-04-03 13:36:28,835 INFO     ___FILE_ONLY___ ═
2025-04-03 13:36:28,835 INFO     ___FILE_ONLY___ ═
2025-04-03 13:36:28,836 INFO     ___FILE_ONLY___ ═
2025-04-03 13:36:28,836 INFO     ___FILE_ONLY___ ═
2025-04-03 13:36:28,836 INFO     ___FILE_ONLY___ ═
2025-04-03 13:36:28,837 INFO     ___FILE_ONLY___ ═
2025-04-03 13:36:28,837 INFO     ___FILE_ONLY___ ═
2025-04-03 13:36:28,837 INFO     ___FILE_ONLY___ ═
2025-04-03 13:36:28,837 INFO     ___FILE_ONLY___ ═
2025-04-03 13:36:28,838 INFO     ___FILE_ONLY___ ═
2025-04-03 13:36:28,838 INFO     ___FILE_ONLY___ ═
2025-04-03 13:36:28,839 INFO     ___FILE_ONLY___ ═
2025-04-03 13:36:28,839 INFO     ___FILE_ONLY___ ═
2025-04-03 13:36:28,839 INFO     ___FILE_ONLY___ ═
2025-04-03 13:36:28,840 INFO     ___FILE_ONLY___ ═
2025-04-03 13:36:28,842 INFO     ___FILE_ONLY___ ═
2025-04-03 13:36:28,843 INFO     ___FILE_ONLY___ ═
2025-04-03 13:36:28,843 INFO     ___FILE_ONLY___ ═
2025-04-03 13:36:28,843 INFO     ___FILE_ONLY___ ═
2025-04-03 13:36:28,844 INFO     ___FILE_ONLY___ ═
2025-04-03 13:36:28,844 INFO     ___FILE_ONLY___ ═
2025-04-03 13:36:28,844 INFO     ___FILE_ONLY___ ═
2025-04-03 13:36:28,844 INFO     ___FILE_ONLY___ ╝

2025-04-03 13:36:28,847 INFO     ___FILE_ONLY___ ╔════════════════════════════════════════════════════════════╗

2025-04-03 13:36:28,847 INFO     ___FILE_ONLY___ ╠═ Downloading: Cloud Storage Command Line Tool (Platfor... ═╣

2025-04-03 13:36:28,847 INFO     ___FILE_ONLY___ ╚
2025-04-03 13:36:28,850 DEBUG    urllib3.connectionpool Starting new HTTPS connection (1): dl.google.com:443
2025-04-03 13:36:28,943 DEBUG    urllib3.connectionpool https://dl.google.com:443 "GET /dl/cloudsdk/channels/rapid/components/google-cloud-sdk-gsutil-nix-20240830134514.tar.gz HTTP/11" 200 1928
2025-04-03 13:36:28,944 INFO     ___FILE_ONLY___ ════════════════════════════════════════════════════════════
2025-04-03 13:36:28,944 INFO     ___FILE_ONLY___ ╝

2025-04-03 13:36:28,946 INFO     ___FILE_ONLY___ ╔════════════════════════════════════════════════════════════╗

2025-04-03 13:36:28,946 INFO     ___FILE_ONLY___ ╠═ Downloading: Default set of gcloud commands              ═╣

2025-04-03 13:36:28,946 INFO     ___FILE_ONLY___ ╚
2025-04-03 13:36:28,946 INFO     ___FILE_ONLY___ ════════════════════════════════════════════════════════════
2025-04-03 13:36:28,946 INFO     ___FILE_ONLY___ ╝

2025-04-03 13:36:28,948 INFO     ___FILE_ONLY___ ╔════════════════════════════════════════════════════════════╗

2025-04-03 13:36:28,948 INFO     ___FILE_ONLY___ ╠═ Downloading: Google Cloud CLI Core Libraries (Platfor... ═╣

2025-04-03 13:36:28,948 INFO     ___FILE_ONLY___ ╚
2025-04-03 13:36:28,952 DEBUG    urllib3.connectionpool Starting new HTTPS connection (1): dl.google.com:443
2025-04-03 13:36:30,056 DEBUG    urllib3.connectionpool https://dl.google.com:443 "GET /dl/cloudsdk/channels/rapid/components/google-cloud-sdk-core-nix-20240830134514.tar.gz HTTP/11" 200 2306
2025-04-03 13:36:30,057 INFO     ___FILE_ONLY___ ════════════════════════════════════════════════════════════
2025-04-03 13:36:30,057 INFO     ___FILE_ONLY___ ╝

2025-04-03 13:36:30,059 INFO     ___FILE_ONLY___ ╔════════════════════════════════════════════════════════════╗

2025-04-03 13:36:30,059 INFO     ___FILE_ONLY___ ╠═ Downloading: Google Cloud CRC32C Hash Tool               ═╣

2025-04-03 13:36:30,059 INFO     ___FILE_ONLY___ ╚
2025-04-03 13:36:30,059 INFO     ___FILE_ONLY___ ════════════════════════════════════════════════════════════
2025-04-03 13:36:30,059 INFO     ___FILE_ONLY___ ╝

2025-04-03 13:36:30,061 INFO     ___FILE_ONLY___ ╔════════════════════════════════════════════════════════════╗

2025-04-03 13:36:30,061 INFO     ___FILE_ONLY___ ╠═ Downloading: Google Cloud CRC32C Hash Tool (Platform ... ═╣

2025-04-03 13:36:30,061 INFO     ___FILE_ONLY___ ╚
2025-04-03 13:36:30,064 DEBUG    urllib3.connectionpool Starting new HTTPS connection (1): dl.google.com:443
2025-04-03 13:36:31,310 DEBUG    urllib3.connectionpool https://dl.google.com:443 "GET /dl/cloudsdk/channels/rapid/components/google-cloud-sdk-gcloud-crc32c-linux-x86_64-20250110133808.tar.gz HTTP/11" 200 1478989
2025-04-03 13:36:31,321 INFO     ___FILE_ONLY___ ═
2025-04-03 13:36:31,322 INFO     ___FILE_ONLY___ ═
2025-04-03 13:36:31,322 INFO     ___FILE_ONLY___ ═
2025-04-03 13:36:31,322 INFO     ___FILE_ONLY___ ═
2025-04-03 13:36:31,322 INFO     ___FILE_ONLY___ ═
2025-04-03 13:36:31,322 INFO     ___FILE_ONLY___ ═
2025-04-03 13:36:31,322 INFO     ___FILE_ONLY___ ═
2025-04-03 13:36:31,322 INFO     ___FILE_ONLY___ ═
2025-04-03 13:36:31,322 INFO     ___FILE_ONLY___ ═
2025-04-03 13:36:31,322 INFO     ___FILE_ONLY___ ═
2025-04-03 13:36:31,322 INFO     ___FILE_ONLY___ ═
2025-04-03 13:36:31,323 INFO     ___FILE_ONLY___ ═
2025-04-03 13:36:31,323 INFO     ___FILE_ONLY___ ═
2025-04-03 13:36:31,323 INFO     ___FILE_ONLY___ ═
2025-04-03 13:36:31,323 INFO     ___FILE_ONLY___ ═
2025-04-03 13:36:31,323 INFO     ___FILE_ONLY___ ═
2025-04-03 13:36:31,323 INFO     ___FILE_ONLY___ ═
2025-04-03 13:36:31,323 INFO     ___FILE_ONLY___ ═
2025-04-03 13:36:31,323 INFO     ___FILE_ONLY___ ═
2025-04-03 13:36:31,323 INFO     ___FILE_ONLY___ ═
2025-04-03 13:36:31,323 INFO     ___FILE_ONLY___ ═
2025-04-03 13:36:31,323 INFO     ___FILE_ONLY___ ═
2025-04-03 13:36:31,323 INFO     ___FILE_ONLY___ ═
2025-04-03 13:36:31,324 INFO     ___FILE_ONLY___ ═
2025-04-03 13:36:31,324 INFO     ___FILE_ONLY___ ═
2025-04-03 13:36:31,324 INFO     ___FILE_ONLY___ ═
2025-04-03 13:36:31,324 INFO     ___FILE_ONLY___ ═
2025-04-03 13:36:31,324 INFO     ___FILE_ONLY___ ═
2025-04-03 13:36:31,324 INFO     ___FILE_ONLY___ ═
2025-04-03 13:36:31,324 INFO     ___FILE_ONLY___ ═
2025-04-03 13:36:31,324 INFO     ___FILE_ONLY___ ═
2025-04-03 13:36:31,324 INFO     ___FILE_ONLY___ ═
2025-04-03 13:36:31,324 INFO     ___FILE_ONLY___ ═
2025-04-03 13:36:31,324 INFO     ___FILE_ONLY___ ═
2025-04-03 13:36:31,324 INFO     ___FILE_ONLY___ ═
2025-04-03 13:36:31,325 INFO     ___FILE_ONLY___ ═
2025-04-03 13:36:31,325 INFO     ___FILE_ONLY___ ═
2025-04-03 13:36:31,325 INFO     ___FILE_ONLY___ ═
2025-04-03 13:36:31,325 INFO     ___FILE_ONLY___ ═
2025-04-03 13:36:31,325 INFO     ___FILE_ONLY___ ═
2025-04-03 13:36:31,325 INFO     ___FILE_ONLY___ ═
2025-04-03 13:36:31,325 INFO     ___FILE_ONLY___ ═
2025-04-03 13:36:31,325 INFO     ___FILE_ONLY___ ═
2025-04-03 13:36:31,325 INFO     ___FILE_ONLY___ ═
2025-04-03 13:36:31,325 INFO     ___FILE_ONLY___ ═
2025-04-03 13:36:31,325 INFO     ___FILE_ONLY___ ═
2025-04-03 13:36:31,325 INFO     ___FILE_ONLY___ ═
2025-04-03 13:36:31,326 INFO     ___FILE_ONLY___ ═
2025-04-03 13:36:31,326 INFO     ___FILE_ONLY___ ═
2025-04-03 13:36:31,326 INFO     ___FILE_ONLY___ ═
2025-04-03 13:36:31,326 INFO     ___FILE_ONLY___ ═
2025-04-03 13:36:31,326 INFO     ___FILE_ONLY___ ═
2025-04-03 13:36:31,326 INFO     ___FILE_ONLY___ ═
2025-04-03 13:36:31,326 INFO     ___FILE_ONLY___ ═
2025-04-03 13:36:31,326 INFO     ___FILE_ONLY___ ═
2025-04-03 13:36:31,326 INFO     ___FILE_ONLY___ ═
2025-04-03 13:36:31,326 INFO     ___FILE_ONLY___ ═
2025-04-03 13:36:31,326 INFO     ___FILE_ONLY___ ═
2025-04-03 13:36:31,326 INFO     ___FILE_ONLY___ ═
2025-04-03 13:36:31,327 INFO     ___FILE_ONLY___ ═
2025-04-03 13:36:31,327 INFO     ___FILE_ONLY___ ╝

2025-04-03 13:36:31,329 INFO     ___FILE_ONLY___ ╔════════════════════════════════════════════════════════════╗

2025-04-03 13:36:31,329 INFO     ___FILE_ONLY___ ╠═ Downloading: gcloud cli dependencies (Platform Specific) ═╣

2025-04-03 13:36:31,329 INFO     ___FILE_ONLY___ ╚
2025-04-03 13:36:31,332 DEBUG    urllib3.connectionpool Starting new HTTPS connection (1): dl.google.com:443
2025-04-03 13:36:31,420 DEBUG    urllib3.connectionpool https://dl.google.com:443 "GET /dl/cloudsdk/channels/rapid/components/google-cloud-sdk-gcloud-deps-linux-x86_64-20210416153011.tar.gz HTTP/11" 200 104
2025-04-03 13:36:31,422 INFO     ___FILE_ONLY___ ════════════════════════════════════════════════════════════
2025-04-03 13:36:31,422 INFO     ___FILE_ONLY___ ╝

2025-04-03 13:36:31,424 INFO     ___FILE_ONLY___ ╔════════════════════════════════════════════════════════════╗

2025-04-03 13:36:31,424 INFO     ___FILE_ONLY___ ╠═ Installing: BigQuery Command Line Tool                   ═╣

2025-04-03 13:36:31,424 INFO     ___FILE_ONLY___ ╚
2025-04-03 13:36:31,521 INFO     ___FILE_ONLY___ ═
2025-04-03 13:36:31,524 INFO     ___FILE_ONLY___ ═
2025-04-03 13:36:31,526 INFO     ___FILE_ONLY___ ═
2025-04-03 13:36:31,528 INFO     ___FILE_ONLY___ ═
2025-04-03 13:36:31,531 INFO     ___FILE_ONLY___ ═
2025-04-03 13:36:31,534 INFO     ___FILE_ONLY___ ═
2025-04-03 13:36:31,536 INFO     ___FILE_ONLY___ ═
2025-04-03 13:36:31,538 INFO     ___FILE_ONLY___ ═
2025-04-03 13:36:31,541 INFO     ___FILE_ONLY___ ═
2025-04-03 13:36:31,543 INFO     ___FILE_ONLY___ ═
2025-04-03 13:36:31,545 INFO     ___FILE_ONLY___ ═
2025-04-03 13:36:31,547 INFO     ___FILE_ONLY___ ═
2025-04-03 13:36:31,550 INFO     ___FILE_ONLY___ ═
2025-04-03 13:36:31,552 INFO     ___FILE_ONLY___ ═
2025-04-03 13:36:31,554 INFO     ___FILE_ONLY___ ═
2025-04-03 13:36:31,557 INFO     ___FILE_ONLY___ ═
2025-04-03 13:36:31,558 INFO     ___FILE_ONLY___ ═
2025-04-03 13:36:31,560 INFO     ___FILE_ONLY___ ═
2025-04-03 13:36:31,564 INFO     ___FILE_ONLY___ ═
2025-04-03 13:36:31,567 INFO     ___FILE_ONLY___ ═
2025-04-03 13:36:31,569 INFO     ___FILE_ONLY___ ═
2025-04-03 13:36:31,572 INFO     ___FILE_ONLY___ ═
2025-04-03 13:36:31,574 INFO     ___FILE_ONLY___ ═
2025-04-03 13:36:31,575 INFO     ___FILE_ONLY___ ═
2025-04-03 13:36:31,578 INFO     ___FILE_ONLY___ ═
2025-04-03 13:36:31,580 INFO     ___FILE_ONLY___ ═
2025-04-03 13:36:31,582 INFO     ___FILE_ONLY___ ═
2025-04-03 13:36:31,584 INFO     ___FILE_ONLY___ ═
2025-04-03 13:36:31,588 INFO     ___FILE_ONLY___ ═
2025-04-03 13:36:31,590 INFO     ___FILE_ONLY___ ═
2025-04-03 13:36:31,592 INFO     ___FILE_ONLY___ ═
2025-04-03 13:36:31,594 INFO     ___FILE_ONLY___ ═
2025-04-03 13:36:31,597 INFO     ___FILE_ONLY___ ═
2025-04-03 13:36:31,600 INFO     ___FILE_ONLY___ ═
2025-04-03 13:36:31,609 INFO     ___FILE_ONLY___ ═
2025-04-03 13:36:31,615 INFO     ___FILE_ONLY___ ═
2025-04-03 13:36:31,619 INFO     ___FILE_ONLY___ ═
2025-04-03 13:36:31,622 INFO     ___FILE_ONLY___ ═
2025-04-03 13:36:31,626 INFO     ___FILE_ONLY___ ═
2025-04-03 13:36:31,629 INFO     ___FILE_ONLY___ ═
2025-04-03 13:36:31,632 INFO     ___FILE_ONLY___ ═
2025-04-03 13:36:31,635 INFO     ___FILE_ONLY___ ═
2025-04-03 13:36:31,642 INFO     ___FILE_ONLY___ ═
2025-04-03 13:36:31,645 INFO     ___FILE_ONLY___ ═
2025-04-03 13:36:31,648 INFO     ___FILE_ONLY___ ═
2025-04-03 13:36:31,651 INFO     ___FILE_ONLY___ ═
2025-04-03 13:36:31,655 INFO     ___FILE_ONLY___ ═
2025-04-03 13:36:31,656 INFO     ___FILE_ONLY___ ═
2025-04-03 13:36:31,659 INFO     ___FILE_ONLY___ ═
2025-04-03 13:36:31,661 INFO     ___FILE_ONLY___ ═
2025-04-03 13:36:31,664 INFO     ___FILE_ONLY___ ═
2025-04-03 13:36:31,666 INFO     ___FILE_ONLY___ ═
2025-04-03 13:36:31,668 INFO     ___FILE_ONLY___ ═
2025-04-03 13:36:31,670 INFO     ___FILE_ONLY___ ═
2025-04-03 13:36:31,672 INFO     ___FILE_ONLY___ ═
2025-04-03 13:36:31,674 INFO     ___FILE_ONLY___ ═
2025-04-03 13:36:31,676 INFO     ___FILE_ONLY___ ═
2025-04-03 13:36:31,678 INFO     ___FILE_ONLY___ ═
2025-04-03 13:36:31,680 INFO     ___FILE_ONLY___ ═
2025-04-03 13:36:31,683 INFO     ___FILE_ONLY___ ═
2025-04-03 13:36:31,683 INFO     ___FILE_ONLY___ ╝

2025-04-03 13:36:31,690 INFO     ___FILE_ONLY___ ╔════════════════════════════════════════════════════════════╗

2025-04-03 13:36:31,691 INFO     ___FILE_ONLY___ ╠═ Installing: BigQuery Command Line Tool (Platform Spec... ═╣

2025-04-03 13:36:31,691 INFO     ___FILE_ONLY___ ╚
2025-04-03 13:36:31,691 INFO     ___FILE_ONLY___ ════════════════════════════════════════════════════════════
2025-04-03 13:36:31,692 INFO     ___FILE_ONLY___ ╝

2025-04-03 13:36:31,696 INFO     ___FILE_ONLY___ ╔════════════════════════════════════════════════════════════╗

2025-04-03 13:36:31,696 INFO     ___FILE_ONLY___ ╠═ Installing: Bundled Python 3.12                          ═╣

2025-04-03 13:36:31,696 INFO     ___FILE_ONLY___ ╚
2025-04-03 13:36:31,700 INFO     ___FILE_ONLY___ ════════════════════════════════════════════════════════════
2025-04-03 13:36:31,700 INFO     ___FILE_ONLY___ ╝

2025-04-03 13:36:31,702 INFO     ___FILE_ONLY___ ╔════════════════════════════════════════════════════════════╗

2025-04-03 13:36:31,702 INFO     ___FILE_ONLY___ ╠═ Installing: Bundled Python 3.12 (Platform Specific)      ═╣

2025-04-03 13:36:31,702 INFO     ___FILE_ONLY___ ╚
2025-04-03 13:36:34,889 INFO     ___FILE_ONLY___ ═
2025-04-03 13:36:35,391 INFO     ___FILE_ONLY___ ═
2025-04-03 13:36:35,412 INFO     ___FILE_ONLY___ ═
2025-04-03 13:36:35,451 INFO     ___FILE_ONLY___ ═
2025-04-03 13:36:35,473 INFO     ___FILE_ONLY___ ═
2025-04-03 13:36:35,489 INFO     ___FILE_ONLY___ ═
2025-04-03 13:36:35,520 INFO     ___FILE_ONLY___ ═
2025-04-03 13:36:35,541 INFO     ___FILE_ONLY___ ═
2025-04-03 13:36:35,560 INFO     ___FILE_ONLY___ ═
2025-04-03 13:36:35,578 INFO     ___FILE_ONLY___ ═
2025-04-03 13:36:35,594 INFO     ___FILE_ONLY___ ═
2025-04-03 13:36:35,621 INFO     ___FILE_ONLY___ ═
2025-04-03 13:36:35,764 INFO     ___FILE_ONLY___ ═
2025-04-03 13:36:35,781 INFO     ___FILE_ONLY___ ═
2025-04-03 13:36:35,799 INFO     ___FILE_ONLY___ ═
2025-04-03 13:36:35,815 INFO     ___FILE_ONLY___ ═
2025-04-03 13:36:35,830 INFO     ___FILE_ONLY___ ═
2025-04-03 13:36:35,848 INFO     ___FILE_ONLY___ ═
2025-04-03 13:36:35,866 INFO     ___FILE_ONLY___ ═
2025-04-03 13:36:35,887 INFO     ___FILE_ONLY___ ═
2025-04-03 13:36:35,904 INFO     ___FILE_ONLY___ ═
2025-04-03 13:36:36,000 INFO     ___FILE_ONLY___ ═
2025-04-03 13:36:36,023 INFO     ___FILE_ONLY___ ═
2025-04-03 13:36:36,525 INFO     ___FILE_ONLY___ ═
2025-04-03 13:36:36,542 INFO     ___FILE_ONLY___ ═
2025-04-03 13:36:36,557 INFO     ___FILE_ONLY___ ═
2025-04-03 13:36:36,570 INFO     ___FILE_ONLY___ ═
2025-04-03 13:36:36,583 INFO     ___FILE_ONLY___ ═
2025-04-03 13:36:36,596 INFO     ___FILE_ONLY___ ═
2025-04-03 13:36:36,609 INFO     ___FILE_ONLY___ ═
2025-04-03 13:36:36,621 INFO     ___FILE_ONLY___ ═
2025-04-03 13:36:36,633 INFO     ___FILE_ONLY___ ═
2025-04-03 13:36:36,646 INFO     ___FILE_ONLY___ ═
2025-04-03 13:36:36,659 INFO     ___FILE_ONLY___ ═
2025-04-03 13:36:36,672 INFO     ___FILE_ONLY___ ═
2025-04-03 13:36:36,685 INFO     ___FILE_ONLY___ ═
2025-04-03 13:36:36,698 INFO     ___FILE_ONLY___ ═
2025-04-03 13:36:36,711 INFO     ___FILE_ONLY___ ═
2025-04-03 13:36:36,724 INFO     ___FILE_ONLY___ ═
2025-04-03 13:36:36,737 INFO     ___FILE_ONLY___ ═
2025-04-03 13:36:36,750 INFO     ___FILE_ONLY___ ═
2025-04-03 13:36:36,763 INFO     ___FILE_ONLY___ ═
2025-04-03 13:36:36,776 INFO     ___FILE_ONLY___ ═
2025-04-03 13:36:36,789 INFO     ___FILE_ONLY___ ═
2025-04-03 13:36:36,802 INFO     ___FILE_ONLY___ ═
2025-04-03 13:36:36,815 INFO     ___FILE_ONLY___ ═
2025-04-03 13:36:36,830 INFO     ___FILE_ONLY___ ═
2025-04-03 13:36:36,843 INFO     ___FILE_ONLY___ ═
2025-04-03 13:36:36,856 INFO     ___FILE_ONLY___ ═
2025-04-03 13:36:36,870 INFO     ___FILE_ONLY___ ═
2025-04-03 13:36:36,882 INFO     ___FILE_ONLY___ ═
2025-04-03 13:36:36,895 INFO     ___FILE_ONLY___ ═
2025-04-03 13:36:36,908 INFO     ___FILE_ONLY___ ═
2025-04-03 13:36:36,921 INFO     ___FILE_ONLY___ ═
2025-04-03 13:36:36,934 INFO     ___FILE_ONLY___ ═
2025-04-03 13:36:36,947 INFO     ___FILE_ONLY___ ═
2025-04-03 13:36:36,959 INFO     ___FILE_ONLY___ ═
2025-04-03 13:36:36,973 INFO     ___FILE_ONLY___ ═
2025-04-03 13:36:36,986 INFO     ___FILE_ONLY___ ═
2025-04-03 13:36:36,999 INFO     ___FILE_ONLY___ ═
2025-04-03 13:36:36,999 INFO     ___FILE_ONLY___ ╝

2025-04-03 13:36:37,052 INFO     ___FILE_ONLY___ ╔════════════════════════════════════════════════════════════╗

2025-04-03 13:36:37,052 INFO     ___FILE_ONLY___ ╠═ Installing: Cloud Storage Command Line Tool              ═╣

2025-04-03 13:36:37,052 INFO     ___FILE_ONLY___ ╚
2025-04-03 13:36:37,579 INFO     ___FILE_ONLY___ ═
2025-04-03 13:36:37,596 INFO     ___FILE_ONLY___ ═
2025-04-03 13:36:37,617 INFO     ___FILE_ONLY___ ═
2025-04-03 13:36:37,633 INFO     ___FILE_ONLY___ ═
2025-04-03 13:36:37,649 INFO     ___FILE_ONLY___ ═
2025-04-03 13:36:37,661 INFO     ___FILE_ONLY___ ═
2025-04-03 13:36:37,676 INFO     ___FILE_ONLY___ ═
2025-04-03 13:36:37,688 INFO     ___FILE_ONLY___ ═
2025-04-03 13:36:37,703 INFO     ___FILE_ONLY___ ═
2025-04-03 13:36:37,716 INFO     ___FILE_ONLY___ ═
2025-04-03 13:36:37,729 INFO     ___FILE_ONLY___ ═
2025-04-03 13:36:37,741 INFO     ___FILE_ONLY___ ═
2025-04-03 13:36:37,751 INFO     ___FILE_ONLY___ ═
2025-04-03 13:36:37,761 INFO     ___FILE_ONLY___ ═
2025-04-03 13:36:37,771 INFO     ___FILE_ONLY___ ═
2025-04-03 13:36:37,781 INFO     ___FILE_ONLY___ ═
2025-04-03 13:36:37,793 INFO     ___FILE_ONLY___ ═
2025-04-03 13:36:37,803 INFO     ___FILE_ONLY___ ═
2025-04-03 13:36:37,814 INFO     ___FILE_ONLY___ ═
2025-04-03 13:36:37,825 INFO     ___FILE_ONLY___ ═
2025-04-03 13:36:37,838 INFO     ___FILE_ONLY___ ═
2025-04-03 13:36:37,853 INFO     ___FILE_ONLY___ ═
2025-04-03 13:36:37,868 INFO     ___FILE_ONLY___ ═
2025-04-03 13:36:37,878 INFO     ___FILE_ONLY___ ═
2025-04-03 13:36:37,891 INFO     ___FILE_ONLY___ ═
2025-04-03 13:36:37,906 INFO     ___FILE_ONLY___ ═
2025-04-03 13:36:37,924 INFO     ___FILE_ONLY___ ═
2025-04-03 13:36:37,943 INFO     ___FILE_ONLY___ ═
2025-04-03 13:36:37,959 INFO     ___FILE_ONLY___ ═
2025-04-03 13:36:37,980 INFO     ___FILE_ONLY___ ═
2025-04-03 13:36:37,991 INFO     ___FILE_ONLY___ ═
2025-04-03 13:36:38,003 INFO     ___FILE_ONLY___ ═
2025-04-03 13:36:38,021 INFO     ___FILE_ONLY___ ═
2025-04-03 13:36:38,034 INFO     ___FILE_ONLY___ ═
2025-04-03 13:36:38,045 INFO     ___FILE_ONLY___ ═
2025-04-03 13:36:38,055 INFO     ___FILE_ONLY___ ═
2025-04-03 13:36:38,065 INFO     ___FILE_ONLY___ ═
2025-04-03 13:36:38,076 INFO     ___FILE_ONLY___ ═
2025-04-03 13:36:38,087 INFO     ___FILE_ONLY___ ═
2025-04-03 13:36:38,099 INFO     ___FILE_ONLY___ ═
2025-04-03 13:36:38,108 INFO     ___FILE_ONLY___ ═
2025-04-03 13:36:38,122 INFO     ___FILE_ONLY___ ═
2025-04-03 13:36:38,132 INFO     ___FILE_ONLY___ ═
2025-04-03 13:36:38,147 INFO     ___FILE_ONLY___ ═
2025-04-03 13:36:38,163 INFO     ___FILE_ONLY___ ═
2025-04-03 13:36:38,174 INFO     ___FILE_ONLY___ ═
2025-04-03 13:36:38,184 INFO     ___FILE_ONLY___ ═
2025-04-03 13:36:38,195 INFO     ___FILE_ONLY___ ═
2025-04-03 13:36:38,206 INFO     ___FILE_ONLY___ ═
2025-04-03 13:36:38,219 INFO     ___FILE_ONLY___ ═
2025-04-03 13:36:38,235 INFO     ___FILE_ONLY___ ═
2025-04-03 13:36:38,247 INFO     ___FILE_ONLY___ ═
2025-04-03 13:36:38,263 INFO     ___FILE_ONLY___ ═
2025-04-03 13:36:38,277 INFO     ___FILE_ONLY___ ═
2025-04-03 13:36:38,313 INFO     ___FILE_ONLY___ ═
2025-04-03 13:36:38,323 INFO     ___FILE_ONLY___ ═
2025-04-03 13:36:38,333 INFO     ___FILE_ONLY___ ═
2025-04-03 13:36:38,344 INFO     ___FILE_ONLY___ ═
2025-04-03 13:36:38,356 INFO     ___FILE_ONLY___ ═
2025-04-03 13:36:38,371 INFO     ___FILE_ONLY___ ═
2025-04-03 13:36:38,371 INFO     ___FILE_ONLY___ ╝

2025-04-03 13:36:38,400 INFO     ___FILE_ONLY___ ╔════════════════════════════════════════════════════════════╗

2025-04-03 13:36:38,400 INFO     ___FILE_ONLY___ ╠═ Installing: Cloud Storage Command Line Tool (Platform... ═╣

2025-04-03 13:36:38,400 INFO     ___FILE_ONLY___ ╚
2025-04-03 13:36:38,401 INFO     ___FILE_ONLY___ ════════════════════════════════════════════════════════════
2025-04-03 13:36:38,401 INFO     ___FILE_ONLY___ ╝

2025-04-03 13:36:38,406 INFO     ___FILE_ONLY___ ╔════════════════════════════════════════════════════════════╗

2025-04-03 13:36:38,406 INFO     ___FILE_ONLY___ ╠═ Installing: Default set of gcloud commands               ═╣

2025-04-03 13:36:38,406 INFO     ___FILE_ONLY___ ╚
2025-04-03 13:36:38,408 INFO     ___FILE_ONLY___ ════════════════════════════════════════════════════════════
2025-04-03 13:36:38,408 INFO     ___FILE_ONLY___ ╝

2025-04-03 13:36:38,410 INFO     ___FILE_ONLY___ ╔════════════════════════════════════════════════════════════╗

2025-04-03 13:36:38,410 INFO     ___FILE_ONLY___ ╠═ Installing: Google Cloud CLI Core Libraries (Platform... ═╣

2025-04-03 13:36:38,410 INFO     ___FILE_ONLY___ ╚
2025-04-03 13:36:38,411 INFO     ___FILE_ONLY___ ══════════════════════════════
2025-04-03 13:36:38,411 INFO     ___FILE_ONLY___ ══════════════════════════════
2025-04-03 13:36:38,411 INFO     ___FILE_ONLY___ ╝

2025-04-03 13:36:38,415 INFO     ___FILE_ONLY___ ╔════════════════════════════════════════════════════════════╗

2025-04-03 13:36:38,415 INFO     ___FILE_ONLY___ ╠═ Installing: Google Cloud CRC32C Hash Tool                ═╣

2025-04-03 13:36:38,415 INFO     ___FILE_ONLY___ ╚
2025-04-03 13:36:38,418 INFO     ___FILE_ONLY___ ════════════════════════════════════════════════════════════
2025-04-03 13:36:38,418 INFO     ___FILE_ONLY___ ╝

2025-04-03 13:36:38,420 INFO     ___FILE_ONLY___ ╔════════════════════════════════════════════════════════════╗

2025-04-03 13:36:38,420 INFO     ___FILE_ONLY___ ╠═ Installing: Google Cloud CRC32C Hash Tool (Platform S... ═╣

2025-04-03 13:36:38,420 INFO     ___FILE_ONLY___ ╚
2025-04-03 13:36:38,458 INFO     ___FILE_ONLY___ ══════════════════════════════
2025-04-03 13:36:38,458 INFO     ___FILE_ONLY___ ══════════════════════════════
2025-04-03 13:36:38,458 INFO     ___FILE_ONLY___ ╝

2025-04-03 13:36:38,463 INFO     ___FILE_ONLY___ ╔════════════════════════════════════════════════════════════╗

2025-04-03 13:36:38,463 INFO     ___FILE_ONLY___ ╠═ Installing: gcloud cli dependencies (Platform Specific)  ═╣

2025-04-03 13:36:38,463 INFO     ___FILE_ONLY___ ╚
2025-04-03 13:36:38,463 INFO     ___FILE_ONLY___ ════════════════════════════════════════════════════════════
2025-04-03 13:36:38,464 INFO     ___FILE_ONLY___ ╝

2025-04-03 13:36:38,468 DEBUG    root            Updating notification cache...
2025-04-03 13:36:38,469 INFO     ___FILE_ONLY___ 

2025-04-03 13:36:38,470 INFO     ___FILE_ONLY___ Performing post processing steps...
2025-04-03 13:36:38,471 DEBUG    root            Executing command: ['/tools/google-cloud-sdk/bin/gcloud', 'components', 'post-process']
2025-04-03 13:36:47,620 DEBUG    ___FILE_ONLY___ 
2025-04-03 13:36:47,621 DEBUG    ___FILE_ONLY___ 
2025-04-03 13:36:47,737 INFO     root            descriptor_list: [{'universeDomain': 'googleapis.com', 'universeShortName': '', 'authenticationDomain': 'auth.cloud.google.com', 'projectPrefix': '', 'cloudWebDomain': 'cloud.google.com', 'documentationDomain': 'cloud.google.com', 'version': '1.0.0', 'state': 'primary', 'artifactRegistryDomain': 'pkg.dev'}]
2025-04-03 13:36:47,738 INFO     ___FILE_ONLY___ 
Update done!


2025-04-03 13:36:47,740 DEBUG    root            Chosen display Format:none
2025-04-03 13:36:47,740 INFO     root            Display format: "none"
