2025-04-03 13:36:48,371 DEBUG    root            Loaded Command Group: ['gcloud', 'components']
2025-04-03 13:36:48,373 DEBUG    root            Loaded Command Group: ['gcloud', 'components', 'update']
2025-04-03 13:36:48,375 DEBUG    root            Running [gcloud.components.update] with arguments: [--quiet: "True", COMPONENT-IDS:8: "['gcloud', 'core', 'bq', 'gsutil', 'compute', 'preview', 'alpha', 'beta']"]
2025-04-03 13:36:48,376 INFO     ___FILE_ONLY___ Beginning update. This process may take several minutes.

2025-04-03 13:36:48,384 DEBUG    urllib3.connectionpool Starting new HTTPS connection (1): dl.google.com:443
2025-04-03 13:36:49,475 DEBUG    urllib3.connectionpool https://dl.google.com:443 "GET /dl/cloudsdk/channels/rapid/components-2.json HTTP/11" 200 226135
2025-04-03 13:36:49,488 WARNING  root            Component [compute] no longer exists.
2025-04-03 13:36:49,490 INFO     ___FILE_ONLY___ 

2025-04-03 13:36:49,490 INFO     ___FILE_ONLY___ 
Your current Google Cloud CLI version is: 517.0.0

2025-04-03 13:36:49,490 INFO     ___FILE_ONLY___ Installing components from version: 517.0.0

2025-04-03 13:36:49,490 INFO     ___FILE_ONLY___ 

2025-04-03 13:36:49,491 DEBUG    root            Chosen display Format:table[box,title="These components will be removed."](details.display_name:label=Name:align=left,version.version_string:label=Version:align=right,data.size.size(zero="",min=1048576):label=Size:align=right)
2025-04-03 13:36:49,491 DEBUG    root            Chosen display Format:table[box,title="These components will be updated."](details.display_name:label=Name:align=left,version.version_string:label=Version:align=right,data.size.size(zero="",min=1048576):label=Size:align=right)
2025-04-03 13:36:49,492 DEBUG    root            Chosen display Format:table[box,title="These components will be installed."](details.display_name:label=Name:align=left,version.version_string:label=Version:align=right,data.size.size(zero="",min=1048576):label=Size:align=right)
2025-04-03 13:36:49,507 INFO     ___FILE_ONLY___ ┌────────────────────────────────────────────────┐
2025-04-03 13:36:49,507 INFO     ___FILE_ONLY___ 

2025-04-03 13:36:49,507 INFO     ___FILE_ONLY___ │      These components will be installed.       │
2025-04-03 13:36:49,507 INFO     ___FILE_ONLY___ 

2025-04-03 13:36:49,507 INFO     ___FILE_ONLY___ ├─────────────────────────┬────────────┬─────────┤
2025-04-03 13:36:49,507 INFO     ___FILE_ONLY___ 

2025-04-03 13:36:49,508 INFO     ___FILE_ONLY___ │           Name          │  Version   │   Size  │
2025-04-03 13:36:49,508 INFO     ___FILE_ONLY___ 

2025-04-03 13:36:49,508 INFO     ___FILE_ONLY___ ├─────────────────────────┼────────────┼─────────┤
2025-04-03 13:36:49,508 INFO     ___FILE_ONLY___ 

2025-04-03 13:36:49,508 INFO     ___FILE_ONLY___ │ 
2025-04-03 13:36:49,508 INFO     ___FILE_ONLY___ gcloud Alpha Commands  
2025-04-03 13:36:49,508 INFO     ___FILE_ONLY___  
2025-04-03 13:36:49,508 INFO     ___FILE_ONLY___ │ 
2025-04-03 13:36:49,508 INFO     ___FILE_ONLY___ 2025.03.29
2025-04-03 13:36:49,508 INFO     ___FILE_ONLY___  
2025-04-03 13:36:49,508 INFO     ___FILE_ONLY___ │ 
2025-04-03 13:36:49,508 INFO     ___FILE_ONLY___ < 1 MiB
2025-04-03 13:36:49,508 INFO     ___FILE_ONLY___  
2025-04-03 13:36:49,508 INFO     ___FILE_ONLY___ │
2025-04-03 13:36:49,508 INFO     ___FILE_ONLY___ 

2025-04-03 13:36:49,508 INFO     ___FILE_ONLY___ │ 
2025-04-03 13:36:49,509 INFO     ___FILE_ONLY___ gcloud Beta Commands   
2025-04-03 13:36:49,509 INFO     ___FILE_ONLY___  
2025-04-03 13:36:49,509 INFO     ___FILE_ONLY___ │ 
2025-04-03 13:36:49,509 INFO     ___FILE_ONLY___ 2025.03.29
2025-04-03 13:36:49,509 INFO     ___FILE_ONLY___  
2025-04-03 13:36:49,509 INFO     ___FILE_ONLY___ │ 
2025-04-03 13:36:49,509 INFO     ___FILE_ONLY___ < 1 MiB
2025-04-03 13:36:49,509 INFO     ___FILE_ONLY___  
2025-04-03 13:36:49,509 INFO     ___FILE_ONLY___ │
2025-04-03 13:36:49,509 INFO     ___FILE_ONLY___ 

2025-04-03 13:36:49,509 INFO     ___FILE_ONLY___ │ 
2025-04-03 13:36:49,509 INFO     ___FILE_ONLY___ gcloud Preview Commands
2025-04-03 13:36:49,509 INFO     ___FILE_ONLY___  
2025-04-03 13:36:49,509 INFO     ___FILE_ONLY___ │ 
2025-04-03 13:36:49,509 INFO     ___FILE_ONLY___           
2025-04-03 13:36:49,510 INFO     ___FILE_ONLY___  
2025-04-03 13:36:49,510 INFO     ___FILE_ONLY___ │ 
2025-04-03 13:36:49,510 INFO     ___FILE_ONLY___ < 1 MiB
2025-04-03 13:36:49,510 INFO     ___FILE_ONLY___  
2025-04-03 13:36:49,510 INFO     ___FILE_ONLY___ │
2025-04-03 13:36:49,510 INFO     ___FILE_ONLY___ 

2025-04-03 13:36:49,510 INFO     ___FILE_ONLY___ └─────────────────────────┴────────────┴─────────┘
2025-04-03 13:36:49,510 INFO     ___FILE_ONLY___ 

2025-04-03 13:36:49,510 INFO     ___FILE_ONLY___ 

2025-04-03 13:36:49,513 DEBUG    urllib3.connectionpool Starting new HTTPS connection (1): dl.google.com:443
2025-04-03 13:36:50,567 DEBUG    urllib3.connectionpool https://dl.google.com:443 "GET /dl/cloudsdk/channels/rapid/RELEASE_NOTES HTTP/11" 200 1390928
2025-04-03 13:36:51,033 INFO     ___FILE_ONLY___ For the latest full release notes, please visit:
  https://cloud.google.com/sdk/release_notes


2025-04-03 13:36:51,033 INFO     ___FILE_ONLY___ Performing in place update...


2025-04-03 13:36:51,035 INFO     ___FILE_ONLY___ ╔════════════════════════════════════════════════════════════╗

2025-04-03 13:36:51,035 INFO     ___FILE_ONLY___ ╠═ Downloading: gcloud Alpha Commands                       ═╣

2025-04-03 13:36:51,036 INFO     ___FILE_ONLY___ ╚
2025-04-03 13:36:51,039 DEBUG    urllib3.connectionpool Starting new HTTPS connection (1): dl.google.com:443
2025-04-03 13:36:51,204 DEBUG    urllib3.connectionpool https://dl.google.com:443 "GET /dl/cloudsdk/channels/rapid/components/google-cloud-sdk-alpha-20250329020432.tar.gz HTTP/11" 200 800
2025-04-03 13:36:51,205 INFO     ___FILE_ONLY___ ════════════════════════════════════════════════════════════
2025-04-03 13:36:51,205 INFO     ___FILE_ONLY___ ╝

2025-04-03 13:36:51,207 INFO     ___FILE_ONLY___ ╔════════════════════════════════════════════════════════════╗

2025-04-03 13:36:51,207 INFO     ___FILE_ONLY___ ╠═ Downloading: gcloud Beta Commands                        ═╣

2025-04-03 13:36:51,208 INFO     ___FILE_ONLY___ ╚
2025-04-03 13:36:51,211 DEBUG    urllib3.connectionpool Starting new HTTPS connection (1): dl.google.com:443
2025-04-03 13:36:51,306 DEBUG    urllib3.connectionpool https://dl.google.com:443 "GET /dl/cloudsdk/channels/rapid/components/google-cloud-sdk-beta-20250329020432.tar.gz HTTP/11" 200 797
2025-04-03 13:36:51,306 INFO     ___FILE_ONLY___ ════════════════════════════════════════════════════════════
2025-04-03 13:36:51,306 INFO     ___FILE_ONLY___ ╝

2025-04-03 13:36:51,308 INFO     ___FILE_ONLY___ ╔════════════════════════════════════════════════════════════╗

2025-04-03 13:36:51,308 INFO     ___FILE_ONLY___ ╠═ Downloading: gcloud Preview Commands                     ═╣

2025-04-03 13:36:51,309 INFO     ___FILE_ONLY___ ╚
2025-04-03 13:36:51,312 DEBUG    urllib3.connectionpool Starting new HTTPS connection (1): dl.google.com:443
2025-04-03 13:36:51,464 DEBUG    urllib3.connectionpool https://dl.google.com:443 "GET /dl/cloudsdk/channels/rapid/components/google-cloud-sdk-preview-20241115154308.tar.gz HTTP/11" 200 823
2025-04-03 13:36:51,464 INFO     ___FILE_ONLY___ ════════════════════════════════════════════════════════════
2025-04-03 13:36:51,464 INFO     ___FILE_ONLY___ ╝

2025-04-03 13:36:51,466 INFO     ___FILE_ONLY___ ╔════════════════════════════════════════════════════════════╗

2025-04-03 13:36:51,466 INFO     ___FILE_ONLY___ ╠═ Installing: gcloud Alpha Commands                        ═╣

2025-04-03 13:36:51,467 INFO     ___FILE_ONLY___ ╚
2025-04-03 13:36:51,467 INFO     ___FILE_ONLY___ ════════════════════════════════════════════════════════════
2025-04-03 13:36:51,468 INFO     ___FILE_ONLY___ ╝

2025-04-03 13:36:51,473 INFO     ___FILE_ONLY___ ╔════════════════════════════════════════════════════════════╗

2025-04-03 13:36:51,473 INFO     ___FILE_ONLY___ ╠═ Installing: gcloud Beta Commands                         ═╣

2025-04-03 13:36:51,473 INFO     ___FILE_ONLY___ ╚
2025-04-03 13:36:51,474 INFO     ___FILE_ONLY___ ════════════════════════════════════════════════════════════
2025-04-03 13:36:51,474 INFO     ___FILE_ONLY___ ╝

2025-04-03 13:36:51,479 INFO     ___FILE_ONLY___ ╔════════════════════════════════════════════════════════════╗

2025-04-03 13:36:51,479 INFO     ___FILE_ONLY___ ╠═ Installing: gcloud Preview Commands                      ═╣

2025-04-03 13:36:51,479 INFO     ___FILE_ONLY___ ╚
2025-04-03 13:36:51,480 INFO     ___FILE_ONLY___ ════════════════════════════════════════════════════════════
2025-04-03 13:36:51,480 INFO     ___FILE_ONLY___ ╝

2025-04-03 13:36:51,485 DEBUG    root            Updating notification cache...
2025-04-03 13:36:51,485 INFO     ___FILE_ONLY___ 

2025-04-03 13:36:51,487 INFO     ___FILE_ONLY___ Performing post processing steps...
2025-04-03 13:36:51,487 DEBUG    root            Executing command: ['/tools/google-cloud-sdk/bin/gcloud', 'components', 'post-process']
2025-04-03 13:37:00,405 DEBUG    ___FILE_ONLY___ 
2025-04-03 13:37:00,405 DEBUG    ___FILE_ONLY___ 
2025-04-03 13:37:00,510 INFO     root            descriptor_list: [{'universeDomain': 'googleapis.com', 'universeShortName': '', 'authenticationDomain': 'auth.cloud.google.com', 'projectPrefix': '', 'cloudWebDomain': 'cloud.google.com', 'documentationDomain': 'cloud.google.com', 'version': '1.0.0', 'state': 'primary', 'artifactRegistryDomain': 'pkg.dev'}]
2025-04-03 13:37:00,510 INFO     ___FILE_ONLY___ 
Update done!


2025-04-03 13:37:00,513 DEBUG    root            Chosen display Format:none
2025-04-03 13:37:00,513 INFO     root            Display format: "none"
